C:\Users\tomek\AppData\Local\Programs\Python\Python312\python.exe "C:\Users\tomek\PycharmProjects\ME 449 Final Project\code\main.py"
Input Configuration for Overshoot Simulation:
Tse: [[ 0.   0.   1.   0. ]
 [ 0.   1.   0.   0. ]
 [-1.   0.   0.   0.5]
 [ 0.   0.   0.   1. ]]
M0e: [[1.     0.     0.     0.033 ]
 [0.     1.     0.     0.    ]
 [0.     0.     1.     0.6546]
 [0.     0.     0.     1.    ]]
Tb0: [[1.     0.     0.     0.1662]
 [0.     1.     0.     0.    ]
 [0.     0.     1.     0.0026]
 [0.     0.     0.     1.    ]]
B_list: [[ 0.      0.      0.      0.      0.    ]
 [ 0.     -1.     -1.     -1.      0.    ]
 [ 1.      0.      0.      0.      1.    ]
 [ 0.     -0.5076 -0.3526 -0.2176  0.    ]
 [ 0.033   0.      0.      0.      0.    ]
 [ 0.      0.      0.      0.      0.    ]]
F: [[-0.03084416  0.03084416  0.03084416 -0.03084416]
 [ 0.011875    0.011875    0.011875    0.011875  ]
 [-0.011875    0.011875   -0.011875    0.011875  ]]
Robot Configuration: [ 0.1 -0.5 -0.5  0.   1.   0.  -1.2  0.   0.   0.   0.   0. ]
Time Step (dt): 0.01
Kp: 3
Ki: 3.01
Velocity Limits (v_lim): 12

100%|██████████| 400/400 [00:00<?, ?it/s]
100%|██████████| 125/125 [00:00<?, ?it/s]
100%|██████████| 50/50 [00:00<?, ?it/s]
100%|██████████| 125/125 [00:00<00:00, 125098.54it/s]
100%|██████████| 700/700 [00:00<00:00, 700719.05it/s]
100%|██████████| 125/125 [00:00<00:00, 82878.28it/s]
100%|██████████| 50/50 [00:00<?, ?it/s]
100%|██████████| 125/125 [00:00<?, ?it/s]
Trajectories Generated
File overshoot.csv was Generated
File X_err_overshoot.csv was Generated
Plot overshoot.pdf was Generated

Process finished with exit code 0
